<?xml version="1.0" encoding="UTF-8"?>
<testsuite xmlns:xsi="http://www.w3.org/2001/XMLSchema-instance" xsi:noNamespaceSchemaLocation="https://maven.apache.org/surefire/maven-surefire-plugin/xsd/surefire-test-report-3.0.xsd" version="3.0" name="com.portafolio.repository.TareaRepositoryImplTest" time="6.044" tests="11" errors="0" skipped="0" failures="0">
  <properties>
[...]
</properties>
  <testcase name="testActualizarTarea" classname="com.portafolio.repository.TareaRepositoryImplTest" time="4.143">
    <system-out><![CDATA[Hibernate: 
    drop table if exists TAREAS cascade 
Hibernate: 
    create table TAREAS (
        id bigint generated by default as identity,
        descripcion varchar(255),
        titulo varchar(255) not null,
        primary key (id)
    )
Hibernate: 
    insert 
    into
        TAREAS
        (descripcion, titulo, id) 
    values
        (?, ?, default)
Hibernate: 
    update
        TAREAS 
    set
        descripcion=?,
        titulo=? 
    where
        id=?
Hibernate: 
    drop table if exists TAREAS cascade 
]]></system-out>
    <system-err><![CDATA[jul 25, 2025 5:57:39 A. M. org.hibernate.jpa.boot.internal.PersistenceXmlParser parsePersistenceXml
WARN: HHH015018: Encountered multiple persistence-unit stanzas defining same name [crud-tdd-unit]; persistence-unit names must be unique
jul 25, 2025 5:57:39 A. M. org.hibernate.jpa.internal.util.LogHelper logPersistenceUnitInformation
INFO: HHH000204: Processing PersistenceUnitInfo [name: crud-tdd-unit]
jul 25, 2025 5:57:39 A. M. org.hibernate.Version logVersion
INFO: HHH000412: Hibernate ORM core version 6.5.2.Final
jul 25, 2025 5:57:39 A. M. org.hibernate.cache.internal.RegionFactoryInitiator initiateService
INFO: HHH000026: Second-level cache disabled
jul 25, 2025 5:57:40 A. M. org.hibernate.engine.jdbc.connections.internal.DriverManagerConnectionProviderImpl configure
WARN: HHH10001002: Using built-in connection pool (not intended for production use)
jul 25, 2025 5:57:40 A. M. org.hibernate.engine.jdbc.connections.internal.DriverManagerConnectionProviderImpl buildCreator
INFO: HHH10001005: Loaded JDBC driver class: org.h2.Driver
jul 25, 2025 5:57:40 A. M. org.hibernate.engine.jdbc.connections.internal.DriverManagerConnectionProviderImpl buildCreator
INFO: HHH10001012: Connecting with JDBC URL [jdbc:h2:file:./testdb]
jul 25, 2025 5:57:40 A. M. org.hibernate.engine.jdbc.connections.internal.DriverManagerConnectionProviderImpl buildCreator
INFO: HHH10001001: Connection properties: {password=****, user=sa}
jul 25, 2025 5:57:40 A. M. org.hibernate.engine.jdbc.connections.internal.DriverManagerConnectionProviderImpl buildCreator
INFO: HHH10001003: Autocommit mode: false
jul 25, 2025 5:57:40 A. M. org.hibernate.engine.jdbc.connections.internal.DriverManagerConnectionProviderImpl$PooledConnections <init>
INFO: HHH10001115: Connection pool size: 20 (min=1)
jul 25, 2025 5:57:42 A. M. org.hibernate.engine.transaction.jta.platform.internal.JtaPlatformInitiator initiateService
INFO: HHH000489: No JTA platform available (set 'hibernate.transaction.jta.platform' to enable JTA platform integration)
jul 25, 2025 5:57:42 A. M. org.hibernate.resource.transaction.backend.jdbc.internal.DdlTransactionIsolatorNonJtaImpl getIsolatedConnection
INFO: HHH10001501: Connection obtained from JdbcConnectionAccess [org.hibernate.engine.jdbc.env.internal.JdbcEnvironmentInitiator$ConnectionProviderJdbcConnectionAccess@6ae729fb] for (non-JTA) DDL execution was not in auto-commit mode; the Connection 'local transaction' will be committed and the Connection will be set into auto-commit mode.
jul 25, 2025 5:57:42 A. M. org.hibernate.resource.transaction.backend.jdbc.internal.DdlTransactionIsolatorNonJtaImpl getIsolatedConnection
INFO: HHH10001501: Connection obtained from JdbcConnectionAccess [org.hibernate.engine.jdbc.env.internal.JdbcEnvironmentInitiator$ConnectionProviderJdbcConnectionAccess@1b3ee7f3] for (non-JTA) DDL execution was not in auto-commit mode; the Connection 'local transaction' will be committed and the Connection will be set into auto-commit mode.
jul 25, 2025 5:57:43 A. M. org.hibernate.resource.transaction.backend.jdbc.internal.DdlTransactionIsolatorNonJtaImpl getIsolatedConnection
INFO: HHH10001501: Connection obtained from JdbcConnectionAccess [org.hibernate.engine.jdbc.env.internal.JdbcEnvironmentInitiator$ConnectionProviderJdbcConnectionAccess@e2cf713] for (non-JTA) DDL execution was not in auto-commit mode; the Connection 'local transaction' will be committed and the Connection will be set into auto-commit mode.
jul 25, 2025 5:57:43 A. M. org.hibernate.engine.jdbc.connections.internal.DriverManagerConnectionProviderImpl$PoolState stop
INFO: HHH10001008: Cleaning up connection pool [jdbc:h2:file:./testdb]
]]></system-err>
  </testcase>
  <testcase name="testUpdateTareaWithNullFieldsThrowsExceptionForNotNullColumn" classname="com.portafolio.repository.TareaRepositoryImplTest" time="0.177">
    <system-out><![CDATA[Hibernate: 
    drop table if exists TAREAS cascade 
Hibernate: 
    create table TAREAS (
        id bigint generated by default as identity,
        descripcion varchar(255),
        titulo varchar(255) not null,
        primary key (id)
    )
Hibernate: 
    insert 
    into
        TAREAS
        (descripcion, titulo, id) 
    values
        (?, ?, default)
Hibernate: 
    select
        t1_0.id,
        t1_0.descripcion,
        t1_0.titulo 
    from
        TAREAS t1_0 
    where
        t1_0.id=?
Hibernate: 
    drop table if exists TAREAS cascade 
]]></system-out>
    <system-err><![CDATA[jul 25, 2025 5:57:43 A. M. org.hibernate.jpa.boot.internal.PersistenceXmlParser parsePersistenceXml
WARN: HHH015018: Encountered multiple persistence-unit stanzas defining same name [crud-tdd-unit]; persistence-unit names must be unique
jul 25, 2025 5:57:43 A. M. org.hibernate.jpa.internal.util.LogHelper logPersistenceUnitInformation
INFO: HHH000204: Processing PersistenceUnitInfo [name: crud-tdd-unit]
jul 25, 2025 5:57:43 A. M. org.hibernate.cache.internal.RegionFactoryInitiator initiateService
INFO: HHH000026: Second-level cache disabled
jul 25, 2025 5:57:43 A. M. org.hibernate.engine.jdbc.connections.internal.DriverManagerConnectionProviderImpl configure
WARN: HHH10001002: Using built-in connection pool (not intended for production use)
jul 25, 2025 5:57:43 A. M. org.hibernate.engine.jdbc.connections.internal.DriverManagerConnectionProviderImpl buildCreator
INFO: HHH10001005: Loaded JDBC driver class: org.h2.Driver
jul 25, 2025 5:57:43 A. M. org.hibernate.engine.jdbc.connections.internal.DriverManagerConnectionProviderImpl buildCreator
INFO: HHH10001012: Connecting with JDBC URL [jdbc:h2:file:./testdb]
jul 25, 2025 5:57:43 A. M. org.hibernate.engine.jdbc.connections.internal.DriverManagerConnectionProviderImpl buildCreator
INFO: HHH10001001: Connection properties: {password=****, user=sa}
jul 25, 2025 5:57:43 A. M. org.hibernate.engine.jdbc.connections.internal.DriverManagerConnectionProviderImpl buildCreator
INFO: HHH10001003: Autocommit mode: false
jul 25, 2025 5:57:43 A. M. org.hibernate.engine.jdbc.connections.internal.DriverManagerConnectionProviderImpl$PooledConnections <init>
INFO: HHH10001115: Connection pool size: 20 (min=1)
jul 25, 2025 5:57:43 A. M. org.hibernate.engine.transaction.jta.platform.internal.JtaPlatformInitiator initiateService
INFO: HHH000489: No JTA platform available (set 'hibernate.transaction.jta.platform' to enable JTA platform integration)
jul 25, 2025 5:57:43 A. M. org.hibernate.resource.transaction.backend.jdbc.internal.DdlTransactionIsolatorNonJtaImpl getIsolatedConnection
INFO: HHH10001501: Connection obtained from JdbcConnectionAccess [org.hibernate.engine.jdbc.env.internal.JdbcEnvironmentInitiator$ConnectionProviderJdbcConnectionAccess@38eaac79] for (non-JTA) DDL execution was not in auto-commit mode; the Connection 'local transaction' will be committed and the Connection will be set into auto-commit mode.
jul 25, 2025 5:57:43 A. M. org.hibernate.resource.transaction.backend.jdbc.internal.DdlTransactionIsolatorNonJtaImpl getIsolatedConnection
INFO: HHH10001501: Connection obtained from JdbcConnectionAccess [org.hibernate.engine.jdbc.env.internal.JdbcEnvironmentInitiator$ConnectionProviderJdbcConnectionAccess@69231217] for (non-JTA) DDL execution was not in auto-commit mode; the Connection 'local transaction' will be committed and the Connection will be set into auto-commit mode.
jul 25, 2025 5:57:43 A. M. org.hibernate.resource.transaction.backend.jdbc.internal.DdlTransactionIsolatorNonJtaImpl getIsolatedConnection
INFO: HHH10001501: Connection obtained from JdbcConnectionAccess [org.hibernate.engine.jdbc.env.internal.JdbcEnvironmentInitiator$ConnectionProviderJdbcConnectionAccess@45e6b8fa] for (non-JTA) DDL execution was not in auto-commit mode; the Connection 'local transaction' will be committed and the Connection will be set into auto-commit mode.
jul 25, 2025 5:57:43 A. M. org.hibernate.engine.jdbc.connections.internal.DriverManagerConnectionProviderImpl$PoolState stop
INFO: HHH10001008: Cleaning up connection pool [jdbc:h2:file:./testdb]
]]></system-err>
  </testcase>
  <testcase name="testObtenerTareaPorId" classname="com.portafolio.repository.TareaRepositoryImplTest" time="0.115">
    <system-out><![CDATA[Hibernate: 
    drop table if exists TAREAS cascade 
Hibernate: 
    create table TAREAS (
        id bigint generated by default as identity,
        descripcion varchar(255),
        titulo varchar(255) not null,
        primary key (id)
    )
Hibernate: 
    insert 
    into
        TAREAS
        (descripcion, titulo, id) 
    values
        (?, ?, default)
Hibernate: 
    drop table if exists TAREAS cascade 
]]></system-out>
    <system-err><![CDATA[jul 25, 2025 5:57:43 A. M. org.hibernate.jpa.boot.internal.PersistenceXmlParser parsePersistenceXml
WARN: HHH015018: Encountered multiple persistence-unit stanzas defining same name [crud-tdd-unit]; persistence-unit names must be unique
jul 25, 2025 5:57:43 A. M. org.hibernate.jpa.internal.util.LogHelper logPersistenceUnitInformation
INFO: HHH000204: Processing PersistenceUnitInfo [name: crud-tdd-unit]
jul 25, 2025 5:57:43 A. M. org.hibernate.cache.internal.RegionFactoryInitiator initiateService
INFO: HHH000026: Second-level cache disabled
jul 25, 2025 5:57:43 A. M. org.hibernate.engine.jdbc.connections.internal.DriverManagerConnectionProviderImpl configure
WARN: HHH10001002: Using built-in connection pool (not intended for production use)
jul 25, 2025 5:57:43 A. M. org.hibernate.engine.jdbc.connections.internal.DriverManagerConnectionProviderImpl buildCreator
INFO: HHH10001005: Loaded JDBC driver class: org.h2.Driver
jul 25, 2025 5:57:43 A. M. org.hibernate.engine.jdbc.connections.internal.DriverManagerConnectionProviderImpl buildCreator
INFO: HHH10001012: Connecting with JDBC URL [jdbc:h2:file:./testdb]
jul 25, 2025 5:57:43 A. M. org.hibernate.engine.jdbc.connections.internal.DriverManagerConnectionProviderImpl buildCreator
INFO: HHH10001001: Connection properties: {password=****, user=sa}
jul 25, 2025 5:57:43 A. M. org.hibernate.engine.jdbc.connections.internal.DriverManagerConnectionProviderImpl buildCreator
INFO: HHH10001003: Autocommit mode: false
jul 25, 2025 5:57:43 A. M. org.hibernate.engine.jdbc.connections.internal.DriverManagerConnectionProviderImpl$PooledConnections <init>
INFO: HHH10001115: Connection pool size: 20 (min=1)
jul 25, 2025 5:57:43 A. M. org.hibernate.engine.transaction.jta.platform.internal.JtaPlatformInitiator initiateService
INFO: HHH000489: No JTA platform available (set 'hibernate.transaction.jta.platform' to enable JTA platform integration)
jul 25, 2025 5:57:43 A. M. org.hibernate.resource.transaction.backend.jdbc.internal.DdlTransactionIsolatorNonJtaImpl getIsolatedConnection
INFO: HHH10001501: Connection obtained from JdbcConnectionAccess [org.hibernate.engine.jdbc.env.internal.JdbcEnvironmentInitiator$ConnectionProviderJdbcConnectionAccess@1b2234a5] for (non-JTA) DDL execution was not in auto-commit mode; the Connection 'local transaction' will be committed and the Connection will be set into auto-commit mode.
jul 25, 2025 5:57:43 A. M. org.hibernate.resource.transaction.backend.jdbc.internal.DdlTransactionIsolatorNonJtaImpl getIsolatedConnection
INFO: HHH10001501: Connection obtained from JdbcConnectionAccess [org.hibernate.engine.jdbc.env.internal.JdbcEnvironmentInitiator$ConnectionProviderJdbcConnectionAccess@7a5bccb8] for (non-JTA) DDL execution was not in auto-commit mode; the Connection 'local transaction' will be committed and the Connection will be set into auto-commit mode.
jul 25, 2025 5:57:43 A. M. org.hibernate.resource.transaction.backend.jdbc.internal.DdlTransactionIsolatorNonJtaImpl getIsolatedConnection
INFO: HHH10001501: Connection obtained from JdbcConnectionAccess [org.hibernate.engine.jdbc.env.internal.JdbcEnvironmentInitiator$ConnectionProviderJdbcConnectionAccess@1a8251ba] for (non-JTA) DDL execution was not in auto-commit mode; the Connection 'local transaction' will be committed and the Connection will be set into auto-commit mode.
jul 25, 2025 5:57:43 A. M. org.hibernate.engine.jdbc.connections.internal.DriverManagerConnectionProviderImpl$PoolState stop
INFO: HHH10001008: Cleaning up connection pool [jdbc:h2:file:./testdb]
]]></system-err>
  </testcase>
  <testcase name="testFindAllEmpty" classname="com.portafolio.repository.TareaRepositoryImplTest" time="0.887">
    <system-out><![CDATA[Hibernate: 
    drop table if exists TAREAS cascade 
Hibernate: 
    create table TAREAS (
        id bigint generated by default as identity,
        descripcion varchar(255),
        titulo varchar(255) not null,
        primary key (id)
    )
Hibernate: 
    select
        t1_0.id,
        t1_0.descripcion,
        t1_0.titulo 
    from
        TAREAS t1_0
Hibernate: 
    drop table if exists TAREAS cascade 
]]></system-out>
    <system-err><![CDATA[jul 25, 2025 5:57:43 A. M. org.hibernate.jpa.boot.internal.PersistenceXmlParser parsePersistenceXml
WARN: HHH015018: Encountered multiple persistence-unit stanzas defining same name [crud-tdd-unit]; persistence-unit names must be unique
jul 25, 2025 5:57:43 A. M. org.hibernate.jpa.internal.util.LogHelper logPersistenceUnitInformation
INFO: HHH000204: Processing PersistenceUnitInfo [name: crud-tdd-unit]
jul 25, 2025 5:57:43 A. M. org.hibernate.cache.internal.RegionFactoryInitiator initiateService
INFO: HHH000026: Second-level cache disabled
jul 25, 2025 5:57:43 A. M. org.hibernate.engine.jdbc.connections.internal.DriverManagerConnectionProviderImpl configure
WARN: HHH10001002: Using built-in connection pool (not intended for production use)
jul 25, 2025 5:57:43 A. M. org.hibernate.engine.jdbc.connections.internal.DriverManagerConnectionProviderImpl buildCreator
INFO: HHH10001005: Loaded JDBC driver class: org.h2.Driver
jul 25, 2025 5:57:43 A. M. org.hibernate.engine.jdbc.connections.internal.DriverManagerConnectionProviderImpl buildCreator
INFO: HHH10001012: Connecting with JDBC URL [jdbc:h2:file:./testdb]
jul 25, 2025 5:57:43 A. M. org.hibernate.engine.jdbc.connections.internal.DriverManagerConnectionProviderImpl buildCreator
INFO: HHH10001001: Connection properties: {password=****, user=sa}
jul 25, 2025 5:57:43 A. M. org.hibernate.engine.jdbc.connections.internal.DriverManagerConnectionProviderImpl buildCreator
INFO: HHH10001003: Autocommit mode: false
jul 25, 2025 5:57:43 A. M. org.hibernate.engine.jdbc.connections.internal.DriverManagerConnectionProviderImpl$PooledConnections <init>
INFO: HHH10001115: Connection pool size: 20 (min=1)
jul 25, 2025 5:57:43 A. M. org.hibernate.engine.transaction.jta.platform.internal.JtaPlatformInitiator initiateService
INFO: HHH000489: No JTA platform available (set 'hibernate.transaction.jta.platform' to enable JTA platform integration)
jul 25, 2025 5:57:43 A. M. org.hibernate.resource.transaction.backend.jdbc.internal.DdlTransactionIsolatorNonJtaImpl getIsolatedConnection
INFO: HHH10001501: Connection obtained from JdbcConnectionAccess [org.hibernate.engine.jdbc.env.internal.JdbcEnvironmentInitiator$ConnectionProviderJdbcConnectionAccess@5d3b2d9a] for (non-JTA) DDL execution was not in auto-commit mode; the Connection 'local transaction' will be committed and the Connection will be set into auto-commit mode.
jul 25, 2025 5:57:43 A. M. org.hibernate.resource.transaction.backend.jdbc.internal.DdlTransactionIsolatorNonJtaImpl getIsolatedConnection
INFO: HHH10001501: Connection obtained from JdbcConnectionAccess [org.hibernate.engine.jdbc.env.internal.JdbcEnvironmentInitiator$ConnectionProviderJdbcConnectionAccess@5011753d] for (non-JTA) DDL execution was not in auto-commit mode; the Connection 'local transaction' will be committed and the Connection will be set into auto-commit mode.
jul 25, 2025 5:57:44 A. M. org.hibernate.resource.transaction.backend.jdbc.internal.DdlTransactionIsolatorNonJtaImpl getIsolatedConnection
INFO: HHH10001501: Connection obtained from JdbcConnectionAccess [org.hibernate.engine.jdbc.env.internal.JdbcEnvironmentInitiator$ConnectionProviderJdbcConnectionAccess@680f4ae7] for (non-JTA) DDL execution was not in auto-commit mode; the Connection 'local transaction' will be committed and the Connection will be set into auto-commit mode.
jul 25, 2025 5:57:44 A. M. org.hibernate.engine.jdbc.connections.internal.DriverManagerConnectionProviderImpl$PoolState stop
INFO: HHH10001008: Cleaning up connection pool [jdbc:h2:file:./testdb]
]]></system-err>
  </testcase>
  <testcase name="testListarTareas" classname="com.portafolio.repository.TareaRepositoryImplTest" time="0.12">
    <system-out><![CDATA[Hibernate: 
    drop table if exists TAREAS cascade 
Hibernate: 
    create table TAREAS (
        id bigint generated by default as identity,
        descripcion varchar(255),
        titulo varchar(255) not null,
        primary key (id)
    )
Hibernate: 
    insert 
    into
        TAREAS
        (descripcion, titulo, id) 
    values
        (?, ?, default)
Hibernate: 
    insert 
    into
        TAREAS
        (descripcion, titulo, id) 
    values
        (?, ?, default)
Hibernate: 
    select
        t1_0.id,
        t1_0.descripcion,
        t1_0.titulo 
    from
        TAREAS t1_0
Hibernate: 
    drop table if exists TAREAS cascade 
]]></system-out>
    <system-err><![CDATA[jul 25, 2025 5:57:44 A. M. org.hibernate.jpa.boot.internal.PersistenceXmlParser parsePersistenceXml
WARN: HHH015018: Encountered multiple persistence-unit stanzas defining same name [crud-tdd-unit]; persistence-unit names must be unique
jul 25, 2025 5:57:44 A. M. org.hibernate.jpa.internal.util.LogHelper logPersistenceUnitInformation
INFO: HHH000204: Processing PersistenceUnitInfo [name: crud-tdd-unit]
jul 25, 2025 5:57:44 A. M. org.hibernate.cache.internal.RegionFactoryInitiator initiateService
INFO: HHH000026: Second-level cache disabled
jul 25, 2025 5:57:44 A. M. org.hibernate.engine.jdbc.connections.internal.DriverManagerConnectionProviderImpl configure
WARN: HHH10001002: Using built-in connection pool (not intended for production use)
jul 25, 2025 5:57:44 A. M. org.hibernate.engine.jdbc.connections.internal.DriverManagerConnectionProviderImpl buildCreator
INFO: HHH10001005: Loaded JDBC driver class: org.h2.Driver
jul 25, 2025 5:57:44 A. M. org.hibernate.engine.jdbc.connections.internal.DriverManagerConnectionProviderImpl buildCreator
INFO: HHH10001012: Connecting with JDBC URL [jdbc:h2:file:./testdb]
jul 25, 2025 5:57:44 A. M. org.hibernate.engine.jdbc.connections.internal.DriverManagerConnectionProviderImpl buildCreator
INFO: HHH10001001: Connection properties: {password=****, user=sa}
jul 25, 2025 5:57:44 A. M. org.hibernate.engine.jdbc.connections.internal.DriverManagerConnectionProviderImpl buildCreator
INFO: HHH10001003: Autocommit mode: false
jul 25, 2025 5:57:44 A. M. org.hibernate.engine.jdbc.connections.internal.DriverManagerConnectionProviderImpl$PooledConnections <init>
INFO: HHH10001115: Connection pool size: 20 (min=1)
jul 25, 2025 5:57:44 A. M. org.hibernate.engine.transaction.jta.platform.internal.JtaPlatformInitiator initiateService
INFO: HHH000489: No JTA platform available (set 'hibernate.transaction.jta.platform' to enable JTA platform integration)
jul 25, 2025 5:57:44 A. M. org.hibernate.resource.transaction.backend.jdbc.internal.DdlTransactionIsolatorNonJtaImpl getIsolatedConnection
INFO: HHH10001501: Connection obtained from JdbcConnectionAccess [org.hibernate.engine.jdbc.env.internal.JdbcEnvironmentInitiator$ConnectionProviderJdbcConnectionAccess@4b493d75] for (non-JTA) DDL execution was not in auto-commit mode; the Connection 'local transaction' will be committed and the Connection will be set into auto-commit mode.
jul 25, 2025 5:57:44 A. M. org.hibernate.resource.transaction.backend.jdbc.internal.DdlTransactionIsolatorNonJtaImpl getIsolatedConnection
INFO: HHH10001501: Connection obtained from JdbcConnectionAccess [org.hibernate.engine.jdbc.env.internal.JdbcEnvironmentInitiator$ConnectionProviderJdbcConnectionAccess@7538cc8c] for (non-JTA) DDL execution was not in auto-commit mode; the Connection 'local transaction' will be committed and the Connection will be set into auto-commit mode.
jul 25, 2025 5:57:44 A. M. org.hibernate.resource.transaction.backend.jdbc.internal.DdlTransactionIsolatorNonJtaImpl getIsolatedConnection
INFO: HHH10001501: Connection obtained from JdbcConnectionAccess [org.hibernate.engine.jdbc.env.internal.JdbcEnvironmentInitiator$ConnectionProviderJdbcConnectionAccess@3eb85d54] for (non-JTA) DDL execution was not in auto-commit mode; the Connection 'local transaction' will be committed and the Connection will be set into auto-commit mode.
jul 25, 2025 5:57:44 A. M. org.hibernate.engine.jdbc.connections.internal.DriverManagerConnectionProviderImpl$PoolState stop
INFO: HHH10001008: Cleaning up connection pool [jdbc:h2:file:./testdb]
]]></system-err>
  </testcase>
  <testcase name="testFindByIdNotFound" classname="com.portafolio.repository.TareaRepositoryImplTest" time="0.107">
    <system-out><![CDATA[Hibernate: 
    drop table if exists TAREAS cascade 
Hibernate: 
    create table TAREAS (
        id bigint generated by default as identity,
        descripcion varchar(255),
        titulo varchar(255) not null,
        primary key (id)
    )
Hibernate: 
    select
        t1_0.id,
        t1_0.descripcion,
        t1_0.titulo 
    from
        TAREAS t1_0 
    where
        t1_0.id=?
Hibernate: 
    drop table if exists TAREAS cascade 
]]></system-out>
    <system-err><![CDATA[jul 25, 2025 5:57:44 A. M. org.hibernate.jpa.boot.internal.PersistenceXmlParser parsePersistenceXml
WARN: HHH015018: Encountered multiple persistence-unit stanzas defining same name [crud-tdd-unit]; persistence-unit names must be unique
jul 25, 2025 5:57:44 A. M. org.hibernate.jpa.internal.util.LogHelper logPersistenceUnitInformation
INFO: HHH000204: Processing PersistenceUnitInfo [name: crud-tdd-unit]
jul 25, 2025 5:57:44 A. M. org.hibernate.cache.internal.RegionFactoryInitiator initiateService
INFO: HHH000026: Second-level cache disabled
jul 25, 2025 5:57:44 A. M. org.hibernate.engine.jdbc.connections.internal.DriverManagerConnectionProviderImpl configure
WARN: HHH10001002: Using built-in connection pool (not intended for production use)
jul 25, 2025 5:57:44 A. M. org.hibernate.engine.jdbc.connections.internal.DriverManagerConnectionProviderImpl buildCreator
INFO: HHH10001005: Loaded JDBC driver class: org.h2.Driver
jul 25, 2025 5:57:44 A. M. org.hibernate.engine.jdbc.connections.internal.DriverManagerConnectionProviderImpl buildCreator
INFO: HHH10001012: Connecting with JDBC URL [jdbc:h2:file:./testdb]
jul 25, 2025 5:57:44 A. M. org.hibernate.engine.jdbc.connections.internal.DriverManagerConnectionProviderImpl buildCreator
INFO: HHH10001001: Connection properties: {password=****, user=sa}
jul 25, 2025 5:57:44 A. M. org.hibernate.engine.jdbc.connections.internal.DriverManagerConnectionProviderImpl buildCreator
INFO: HHH10001003: Autocommit mode: false
jul 25, 2025 5:57:44 A. M. org.hibernate.engine.jdbc.connections.internal.DriverManagerConnectionProviderImpl$PooledConnections <init>
INFO: HHH10001115: Connection pool size: 20 (min=1)
jul 25, 2025 5:57:44 A. M. org.hibernate.engine.transaction.jta.platform.internal.JtaPlatformInitiator initiateService
INFO: HHH000489: No JTA platform available (set 'hibernate.transaction.jta.platform' to enable JTA platform integration)
jul 25, 2025 5:57:44 A. M. org.hibernate.resource.transaction.backend.jdbc.internal.DdlTransactionIsolatorNonJtaImpl getIsolatedConnection
INFO: HHH10001501: Connection obtained from JdbcConnectionAccess [org.hibernate.engine.jdbc.env.internal.JdbcEnvironmentInitiator$ConnectionProviderJdbcConnectionAccess@4c6e3c25] for (non-JTA) DDL execution was not in auto-commit mode; the Connection 'local transaction' will be committed and the Connection will be set into auto-commit mode.
jul 25, 2025 5:57:44 A. M. org.hibernate.resource.transaction.backend.jdbc.internal.DdlTransactionIsolatorNonJtaImpl getIsolatedConnection
INFO: HHH10001501: Connection obtained from JdbcConnectionAccess [org.hibernate.engine.jdbc.env.internal.JdbcEnvironmentInitiator$ConnectionProviderJdbcConnectionAccess@4f3db580] for (non-JTA) DDL execution was not in auto-commit mode; the Connection 'local transaction' will be committed and the Connection will be set into auto-commit mode.
jul 25, 2025 5:57:44 A. M. org.hibernate.resource.transaction.backend.jdbc.internal.DdlTransactionIsolatorNonJtaImpl getIsolatedConnection
INFO: HHH10001501: Connection obtained from JdbcConnectionAccess [org.hibernate.engine.jdbc.env.internal.JdbcEnvironmentInitiator$ConnectionProviderJdbcConnectionAccess@5c38ab84] for (non-JTA) DDL execution was not in auto-commit mode; the Connection 'local transaction' will be committed and the Connection will be set into auto-commit mode.
jul 25, 2025 5:57:44 A. M. org.hibernate.engine.jdbc.connections.internal.DriverManagerConnectionProviderImpl$PoolState stop
INFO: HHH10001008: Cleaning up connection pool [jdbc:h2:file:./testdb]
]]></system-err>
  </testcase>
  <testcase name="testEliminarTarea" classname="com.portafolio.repository.TareaRepositoryImplTest" time="0.107">
    <system-out><![CDATA[Hibernate: 
    drop table if exists TAREAS cascade 
Hibernate: 
    create table TAREAS (
        id bigint generated by default as identity,
        descripcion varchar(255),
        titulo varchar(255) not null,
        primary key (id)
    )
Hibernate: 
    insert 
    into
        TAREAS
        (descripcion, titulo, id) 
    values
        (?, ?, default)
Hibernate: 
    delete 
    from
        TAREAS 
    where
        id=?
Hibernate: 
    select
        t1_0.id,
        t1_0.descripcion,
        t1_0.titulo 
    from
        TAREAS t1_0 
    where
        t1_0.id=?
Hibernate: 
    drop table if exists TAREAS cascade 
]]></system-out>
    <system-err><![CDATA[jul 25, 2025 5:57:44 A. M. org.hibernate.jpa.boot.internal.PersistenceXmlParser parsePersistenceXml
WARN: HHH015018: Encountered multiple persistence-unit stanzas defining same name [crud-tdd-unit]; persistence-unit names must be unique
jul 25, 2025 5:57:44 A. M. org.hibernate.jpa.internal.util.LogHelper logPersistenceUnitInformation
INFO: HHH000204: Processing PersistenceUnitInfo [name: crud-tdd-unit]
jul 25, 2025 5:57:44 A. M. org.hibernate.cache.internal.RegionFactoryInitiator initiateService
INFO: HHH000026: Second-level cache disabled
jul 25, 2025 5:57:44 A. M. org.hibernate.engine.jdbc.connections.internal.DriverManagerConnectionProviderImpl configure
WARN: HHH10001002: Using built-in connection pool (not intended for production use)
jul 25, 2025 5:57:44 A. M. org.hibernate.engine.jdbc.connections.internal.DriverManagerConnectionProviderImpl buildCreator
INFO: HHH10001005: Loaded JDBC driver class: org.h2.Driver
jul 25, 2025 5:57:44 A. M. org.hibernate.engine.jdbc.connections.internal.DriverManagerConnectionProviderImpl buildCreator
INFO: HHH10001012: Connecting with JDBC URL [jdbc:h2:file:./testdb]
jul 25, 2025 5:57:44 A. M. org.hibernate.engine.jdbc.connections.internal.DriverManagerConnectionProviderImpl buildCreator
INFO: HHH10001001: Connection properties: {password=****, user=sa}
jul 25, 2025 5:57:44 A. M. org.hibernate.engine.jdbc.connections.internal.DriverManagerConnectionProviderImpl buildCreator
INFO: HHH10001003: Autocommit mode: false
jul 25, 2025 5:57:44 A. M. org.hibernate.engine.jdbc.connections.internal.DriverManagerConnectionProviderImpl$PooledConnections <init>
INFO: HHH10001115: Connection pool size: 20 (min=1)
jul 25, 2025 5:57:44 A. M. org.hibernate.engine.transaction.jta.platform.internal.JtaPlatformInitiator initiateService
INFO: HHH000489: No JTA platform available (set 'hibernate.transaction.jta.platform' to enable JTA platform integration)
jul 25, 2025 5:57:44 A. M. org.hibernate.resource.transaction.backend.jdbc.internal.DdlTransactionIsolatorNonJtaImpl getIsolatedConnection
INFO: HHH10001501: Connection obtained from JdbcConnectionAccess [org.hibernate.engine.jdbc.env.internal.JdbcEnvironmentInitiator$ConnectionProviderJdbcConnectionAccess@1f489987] for (non-JTA) DDL execution was not in auto-commit mode; the Connection 'local transaction' will be committed and the Connection will be set into auto-commit mode.
jul 25, 2025 5:57:44 A. M. org.hibernate.resource.transaction.backend.jdbc.internal.DdlTransactionIsolatorNonJtaImpl getIsolatedConnection
INFO: HHH10001501: Connection obtained from JdbcConnectionAccess [org.hibernate.engine.jdbc.env.internal.JdbcEnvironmentInitiator$ConnectionProviderJdbcConnectionAccess@62cfa78b] for (non-JTA) DDL execution was not in auto-commit mode; the Connection 'local transaction' will be committed and the Connection will be set into auto-commit mode.
jul 25, 2025 5:57:44 A. M. org.hibernate.resource.transaction.backend.jdbc.internal.DdlTransactionIsolatorNonJtaImpl getIsolatedConnection
INFO: HHH10001501: Connection obtained from JdbcConnectionAccess [org.hibernate.engine.jdbc.env.internal.JdbcEnvironmentInitiator$ConnectionProviderJdbcConnectionAccess@75bedaca] for (non-JTA) DDL execution was not in auto-commit mode; the Connection 'local transaction' will be committed and the Connection will be set into auto-commit mode.
jul 25, 2025 5:57:44 A. M. org.hibernate.engine.jdbc.connections.internal.DriverManagerConnectionProviderImpl$PoolState stop
INFO: HHH10001008: Cleaning up connection pool [jdbc:h2:file:./testdb]
]]></system-err>
  </testcase>
  <testcase name="testSaveNullTarea" classname="com.portafolio.repository.TareaRepositoryImplTest" time="0.09">
    <system-out><![CDATA[Hibernate: 
    drop table if exists TAREAS cascade 
Hibernate: 
    create table TAREAS (
        id bigint generated by default as identity,
        descripcion varchar(255),
        titulo varchar(255) not null,
        primary key (id)
    )
Hibernate: 
    drop table if exists TAREAS cascade 
]]></system-out>
    <system-err><![CDATA[jul 25, 2025 5:57:44 A. M. org.hibernate.jpa.boot.internal.PersistenceXmlParser parsePersistenceXml
WARN: HHH015018: Encountered multiple persistence-unit stanzas defining same name [crud-tdd-unit]; persistence-unit names must be unique
jul 25, 2025 5:57:44 A. M. org.hibernate.jpa.internal.util.LogHelper logPersistenceUnitInformation
INFO: HHH000204: Processing PersistenceUnitInfo [name: crud-tdd-unit]
jul 25, 2025 5:57:44 A. M. org.hibernate.cache.internal.RegionFactoryInitiator initiateService
INFO: HHH000026: Second-level cache disabled
jul 25, 2025 5:57:44 A. M. org.hibernate.engine.jdbc.connections.internal.DriverManagerConnectionProviderImpl configure
WARN: HHH10001002: Using built-in connection pool (not intended for production use)
jul 25, 2025 5:57:44 A. M. org.hibernate.engine.jdbc.connections.internal.DriverManagerConnectionProviderImpl buildCreator
INFO: HHH10001005: Loaded JDBC driver class: org.h2.Driver
jul 25, 2025 5:57:44 A. M. org.hibernate.engine.jdbc.connections.internal.DriverManagerConnectionProviderImpl buildCreator
INFO: HHH10001012: Connecting with JDBC URL [jdbc:h2:file:./testdb]
jul 25, 2025 5:57:44 A. M. org.hibernate.engine.jdbc.connections.internal.DriverManagerConnectionProviderImpl buildCreator
INFO: HHH10001001: Connection properties: {password=****, user=sa}
jul 25, 2025 5:57:44 A. M. org.hibernate.engine.jdbc.connections.internal.DriverManagerConnectionProviderImpl buildCreator
INFO: HHH10001003: Autocommit mode: false
jul 25, 2025 5:57:44 A. M. org.hibernate.engine.jdbc.connections.internal.DriverManagerConnectionProviderImpl$PooledConnections <init>
INFO: HHH10001115: Connection pool size: 20 (min=1)
jul 25, 2025 5:57:44 A. M. org.hibernate.engine.transaction.jta.platform.internal.JtaPlatformInitiator initiateService
INFO: HHH000489: No JTA platform available (set 'hibernate.transaction.jta.platform' to enable JTA platform integration)
jul 25, 2025 5:57:44 A. M. org.hibernate.resource.transaction.backend.jdbc.internal.DdlTransactionIsolatorNonJtaImpl getIsolatedConnection
INFO: HHH10001501: Connection obtained from JdbcConnectionAccess [org.hibernate.engine.jdbc.env.internal.JdbcEnvironmentInitiator$ConnectionProviderJdbcConnectionAccess@4926f6d6] for (non-JTA) DDL execution was not in auto-commit mode; the Connection 'local transaction' will be committed and the Connection will be set into auto-commit mode.
jul 25, 2025 5:57:44 A. M. org.hibernate.resource.transaction.backend.jdbc.internal.DdlTransactionIsolatorNonJtaImpl getIsolatedConnection
INFO: HHH10001501: Connection obtained from JdbcConnectionAccess [org.hibernate.engine.jdbc.env.internal.JdbcEnvironmentInitiator$ConnectionProviderJdbcConnectionAccess@351a39e7] for (non-JTA) DDL execution was not in auto-commit mode; the Connection 'local transaction' will be committed and the Connection will be set into auto-commit mode.
jul 25, 2025 5:57:44 A. M. org.hibernate.resource.transaction.backend.jdbc.internal.DdlTransactionIsolatorNonJtaImpl getIsolatedConnection
INFO: HHH10001501: Connection obtained from JdbcConnectionAccess [org.hibernate.engine.jdbc.env.internal.JdbcEnvironmentInitiator$ConnectionProviderJdbcConnectionAccess@13304692] for (non-JTA) DDL execution was not in auto-commit mode; the Connection 'local transaction' will be committed and the Connection will be set into auto-commit mode.
jul 25, 2025 5:57:44 A. M. org.hibernate.engine.jdbc.connections.internal.DriverManagerConnectionProviderImpl$PoolState stop
INFO: HHH10001008: Cleaning up connection pool [jdbc:h2:file:./testdb]
]]></system-err>
  </testcase>
  <testcase name="testGuardarTarea" classname="com.portafolio.repository.TareaRepositoryImplTest" time="0.098">
    <system-out><![CDATA[Hibernate: 
    drop table if exists TAREAS cascade 
Hibernate: 
    create table TAREAS (
        id bigint generated by default as identity,
        descripcion varchar(255),
        titulo varchar(255) not null,
        primary key (id)
    )
Hibernate: 
    insert 
    into
        TAREAS
        (descripcion, titulo, id) 
    values
        (?, ?, default)
Hibernate: 
    select
        t1_0.id,
        t1_0.descripcion,
        t1_0.titulo 
    from
        TAREAS t1_0
Hibernate: 
    drop table if exists TAREAS cascade 
]]></system-out>
    <system-err><![CDATA[jul 25, 2025 5:57:44 A. M. org.hibernate.jpa.boot.internal.PersistenceXmlParser parsePersistenceXml
WARN: HHH015018: Encountered multiple persistence-unit stanzas defining same name [crud-tdd-unit]; persistence-unit names must be unique
jul 25, 2025 5:57:44 A. M. org.hibernate.jpa.internal.util.LogHelper logPersistenceUnitInformation
INFO: HHH000204: Processing PersistenceUnitInfo [name: crud-tdd-unit]
jul 25, 2025 5:57:44 A. M. org.hibernate.cache.internal.RegionFactoryInitiator initiateService
INFO: HHH000026: Second-level cache disabled
jul 25, 2025 5:57:44 A. M. org.hibernate.engine.jdbc.connections.internal.DriverManagerConnectionProviderImpl configure
WARN: HHH10001002: Using built-in connection pool (not intended for production use)
jul 25, 2025 5:57:44 A. M. org.hibernate.engine.jdbc.connections.internal.DriverManagerConnectionProviderImpl buildCreator
INFO: HHH10001005: Loaded JDBC driver class: org.h2.Driver
jul 25, 2025 5:57:44 A. M. org.hibernate.engine.jdbc.connections.internal.DriverManagerConnectionProviderImpl buildCreator
INFO: HHH10001012: Connecting with JDBC URL [jdbc:h2:file:./testdb]
jul 25, 2025 5:57:44 A. M. org.hibernate.engine.jdbc.connections.internal.DriverManagerConnectionProviderImpl buildCreator
INFO: HHH10001001: Connection properties: {password=****, user=sa}
jul 25, 2025 5:57:44 A. M. org.hibernate.engine.jdbc.connections.internal.DriverManagerConnectionProviderImpl buildCreator
INFO: HHH10001003: Autocommit mode: false
jul 25, 2025 5:57:44 A. M. org.hibernate.engine.jdbc.connections.internal.DriverManagerConnectionProviderImpl$PooledConnections <init>
INFO: HHH10001115: Connection pool size: 20 (min=1)
jul 25, 2025 5:57:44 A. M. org.hibernate.engine.transaction.jta.platform.internal.JtaPlatformInitiator initiateService
INFO: HHH000489: No JTA platform available (set 'hibernate.transaction.jta.platform' to enable JTA platform integration)
jul 25, 2025 5:57:44 A. M. org.hibernate.resource.transaction.backend.jdbc.internal.DdlTransactionIsolatorNonJtaImpl getIsolatedConnection
INFO: HHH10001501: Connection obtained from JdbcConnectionAccess [org.hibernate.engine.jdbc.env.internal.JdbcEnvironmentInitiator$ConnectionProviderJdbcConnectionAccess@598f339e] for (non-JTA) DDL execution was not in auto-commit mode; the Connection 'local transaction' will be committed and the Connection will be set into auto-commit mode.
jul 25, 2025 5:57:44 A. M. org.hibernate.resource.transaction.backend.jdbc.internal.DdlTransactionIsolatorNonJtaImpl getIsolatedConnection
INFO: HHH10001501: Connection obtained from JdbcConnectionAccess [org.hibernate.engine.jdbc.env.internal.JdbcEnvironmentInitiator$ConnectionProviderJdbcConnectionAccess@705a2022] for (non-JTA) DDL execution was not in auto-commit mode; the Connection 'local transaction' will be committed and the Connection will be set into auto-commit mode.
jul 25, 2025 5:57:44 A. M. org.hibernate.resource.transaction.backend.jdbc.internal.DdlTransactionIsolatorNonJtaImpl getIsolatedConnection
INFO: HHH10001501: Connection obtained from JdbcConnectionAccess [org.hibernate.engine.jdbc.env.internal.JdbcEnvironmentInitiator$ConnectionProviderJdbcConnectionAccess@11743654] for (non-JTA) DDL execution was not in auto-commit mode; the Connection 'local transaction' will be committed and the Connection will be set into auto-commit mode.
jul 25, 2025 5:57:44 A. M. org.hibernate.engine.jdbc.connections.internal.DriverManagerConnectionProviderImpl$PoolState stop
INFO: HHH10001008: Cleaning up connection pool [jdbc:h2:file:./testdb]
]]></system-err>
  </testcase>
  <testcase name="testDeleteNonExistentTarea" classname="com.portafolio.repository.TareaRepositoryImplTest" time="0.098">
    <system-out><![CDATA[Hibernate: 
    drop table if exists TAREAS cascade 
Hibernate: 
    create table TAREAS (
        id bigint generated by default as identity,
        descripcion varchar(255),
        titulo varchar(255) not null,
        primary key (id)
    )
Hibernate: 
    select
        t1_0.id,
        t1_0.descripcion,
        t1_0.titulo 
    from
        TAREAS t1_0 
    where
        t1_0.id=?
Hibernate: 
    drop table if exists TAREAS cascade 
]]></system-out>
    <system-err><![CDATA[jul 25, 2025 5:57:44 A. M. org.hibernate.jpa.boot.internal.PersistenceXmlParser parsePersistenceXml
WARN: HHH015018: Encountered multiple persistence-unit stanzas defining same name [crud-tdd-unit]; persistence-unit names must be unique
jul 25, 2025 5:57:44 A. M. org.hibernate.jpa.internal.util.LogHelper logPersistenceUnitInformation
INFO: HHH000204: Processing PersistenceUnitInfo [name: crud-tdd-unit]
jul 25, 2025 5:57:44 A. M. org.hibernate.cache.internal.RegionFactoryInitiator initiateService
INFO: HHH000026: Second-level cache disabled
jul 25, 2025 5:57:44 A. M. org.hibernate.engine.jdbc.connections.internal.DriverManagerConnectionProviderImpl configure
WARN: HHH10001002: Using built-in connection pool (not intended for production use)
jul 25, 2025 5:57:44 A. M. org.hibernate.engine.jdbc.connections.internal.DriverManagerConnectionProviderImpl buildCreator
INFO: HHH10001005: Loaded JDBC driver class: org.h2.Driver
jul 25, 2025 5:57:44 A. M. org.hibernate.engine.jdbc.connections.internal.DriverManagerConnectionProviderImpl buildCreator
INFO: HHH10001012: Connecting with JDBC URL [jdbc:h2:file:./testdb]
jul 25, 2025 5:57:44 A. M. org.hibernate.engine.jdbc.connections.internal.DriverManagerConnectionProviderImpl buildCreator
INFO: HHH10001001: Connection properties: {password=****, user=sa}
jul 25, 2025 5:57:44 A. M. org.hibernate.engine.jdbc.connections.internal.DriverManagerConnectionProviderImpl buildCreator
INFO: HHH10001003: Autocommit mode: false
jul 25, 2025 5:57:44 A. M. org.hibernate.engine.jdbc.connections.internal.DriverManagerConnectionProviderImpl$PooledConnections <init>
INFO: HHH10001115: Connection pool size: 20 (min=1)
jul 25, 2025 5:57:45 A. M. org.hibernate.engine.transaction.jta.platform.internal.JtaPlatformInitiator initiateService
INFO: HHH000489: No JTA platform available (set 'hibernate.transaction.jta.platform' to enable JTA platform integration)
jul 25, 2025 5:57:45 A. M. org.hibernate.resource.transaction.backend.jdbc.internal.DdlTransactionIsolatorNonJtaImpl getIsolatedConnection
INFO: HHH10001501: Connection obtained from JdbcConnectionAccess [org.hibernate.engine.jdbc.env.internal.JdbcEnvironmentInitiator$ConnectionProviderJdbcConnectionAccess@a8d8d41] for (non-JTA) DDL execution was not in auto-commit mode; the Connection 'local transaction' will be committed and the Connection will be set into auto-commit mode.
jul 25, 2025 5:57:45 A. M. org.hibernate.resource.transaction.backend.jdbc.internal.DdlTransactionIsolatorNonJtaImpl getIsolatedConnection
INFO: HHH10001501: Connection obtained from JdbcConnectionAccess [org.hibernate.engine.jdbc.env.internal.JdbcEnvironmentInitiator$ConnectionProviderJdbcConnectionAccess@2506cf0d] for (non-JTA) DDL execution was not in auto-commit mode; the Connection 'local transaction' will be committed and the Connection will be set into auto-commit mode.
jul 25, 2025 5:57:45 A. M. org.hibernate.resource.transaction.backend.jdbc.internal.DdlTransactionIsolatorNonJtaImpl getIsolatedConnection
INFO: HHH10001501: Connection obtained from JdbcConnectionAccess [org.hibernate.engine.jdbc.env.internal.JdbcEnvironmentInitiator$ConnectionProviderJdbcConnectionAccess@6065f14f] for (non-JTA) DDL execution was not in auto-commit mode; the Connection 'local transaction' will be committed and the Connection will be set into auto-commit mode.
jul 25, 2025 5:57:45 A. M. org.hibernate.engine.jdbc.connections.internal.DriverManagerConnectionProviderImpl$PoolState stop
INFO: HHH10001008: Cleaning up connection pool [jdbc:h2:file:./testdb]
]]></system-err>
  </testcase>
  <testcase name="testUpdateNonExistentTarea" classname="com.portafolio.repository.TareaRepositoryImplTest" time="0.089">
    <system-out><![CDATA[Hibernate: 
    drop table if exists TAREAS cascade 
Hibernate: 
    create table TAREAS (
        id bigint generated by default as identity,
        descripcion varchar(255),
        titulo varchar(255) not null,
        primary key (id)
    )
Hibernate: 
    select
        t1_0.id,
        t1_0.descripcion,
        t1_0.titulo 
    from
        TAREAS t1_0 
    where
        t1_0.id=?
Hibernate: 
    drop table if exists TAREAS cascade 
]]></system-out>
    <system-err><![CDATA[jul 25, 2025 5:57:45 A. M. org.hibernate.jpa.boot.internal.PersistenceXmlParser parsePersistenceXml
WARN: HHH015018: Encountered multiple persistence-unit stanzas defining same name [crud-tdd-unit]; persistence-unit names must be unique
jul 25, 2025 5:57:45 A. M. org.hibernate.jpa.internal.util.LogHelper logPersistenceUnitInformation
INFO: HHH000204: Processing PersistenceUnitInfo [name: crud-tdd-unit]
jul 25, 2025 5:57:45 A. M. org.hibernate.cache.internal.RegionFactoryInitiator initiateService
INFO: HHH000026: Second-level cache disabled
jul 25, 2025 5:57:45 A. M. org.hibernate.engine.jdbc.connections.internal.DriverManagerConnectionProviderImpl configure
WARN: HHH10001002: Using built-in connection pool (not intended for production use)
jul 25, 2025 5:57:45 A. M. org.hibernate.engine.jdbc.connections.internal.DriverManagerConnectionProviderImpl buildCreator
INFO: HHH10001005: Loaded JDBC driver class: org.h2.Driver
jul 25, 2025 5:57:45 A. M. org.hibernate.engine.jdbc.connections.internal.DriverManagerConnectionProviderImpl buildCreator
INFO: HHH10001012: Connecting with JDBC URL [jdbc:h2:file:./testdb]
jul 25, 2025 5:57:45 A. M. org.hibernate.engine.jdbc.connections.internal.DriverManagerConnectionProviderImpl buildCreator
INFO: HHH10001001: Connection properties: {password=****, user=sa}
jul 25, 2025 5:57:45 A. M. org.hibernate.engine.jdbc.connections.internal.DriverManagerConnectionProviderImpl buildCreator
INFO: HHH10001003: Autocommit mode: false
jul 25, 2025 5:57:45 A. M. org.hibernate.engine.jdbc.connections.internal.DriverManagerConnectionProviderImpl$PooledConnections <init>
INFO: HHH10001115: Connection pool size: 20 (min=1)
jul 25, 2025 5:57:45 A. M. org.hibernate.engine.transaction.jta.platform.internal.JtaPlatformInitiator initiateService
INFO: HHH000489: No JTA platform available (set 'hibernate.transaction.jta.platform' to enable JTA platform integration)
jul 25, 2025 5:57:45 A. M. org.hibernate.resource.transaction.backend.jdbc.internal.DdlTransactionIsolatorNonJtaImpl getIsolatedConnection
INFO: HHH10001501: Connection obtained from JdbcConnectionAccess [org.hibernate.engine.jdbc.env.internal.JdbcEnvironmentInitiator$ConnectionProviderJdbcConnectionAccess@53416190] for (non-JTA) DDL execution was not in auto-commit mode; the Connection 'local transaction' will be committed and the Connection will be set into auto-commit mode.
jul 25, 2025 5:57:45 A. M. org.hibernate.resource.transaction.backend.jdbc.internal.DdlTransactionIsolatorNonJtaImpl getIsolatedConnection
INFO: HHH10001501: Connection obtained from JdbcConnectionAccess [org.hibernate.engine.jdbc.env.internal.JdbcEnvironmentInitiator$ConnectionProviderJdbcConnectionAccess@4bc06a3e] for (non-JTA) DDL execution was not in auto-commit mode; the Connection 'local transaction' will be committed and the Connection will be set into auto-commit mode.
jul 25, 2025 5:57:45 A. M. org.hibernate.resource.transaction.backend.jdbc.internal.DdlTransactionIsolatorNonJtaImpl getIsolatedConnection
INFO: HHH10001501: Connection obtained from JdbcConnectionAccess [org.hibernate.engine.jdbc.env.internal.JdbcEnvironmentInitiator$ConnectionProviderJdbcConnectionAccess@64a31882] for (non-JTA) DDL execution was not in auto-commit mode; the Connection 'local transaction' will be committed and the Connection will be set into auto-commit mode.
jul 25, 2025 5:57:45 A. M. org.hibernate.engine.jdbc.connections.internal.DriverManagerConnectionProviderImpl$PoolState stop
INFO: HHH10001008: Cleaning up connection pool [jdbc:h2:file:./testdb]
]]></system-err>
  </testcase>
</testsuite>