<?xml version="1.0" encoding="UTF-8"?>
<!-- Generated by org.testng.reporters.JUnitXMLReporter -->
<testsuite ignored="0" hostname="LAPTOP-GVHSBO7Q" failures="0" tests="9" name="Ejecucion en Firefox" time="122.676" errors="0" timestamp="2025-08-02T16:19:45 CLT">
  <testcase classname="com.tuempresa.tests.LoginTest" name="testLoginExitoso" time="4.274"/>
  <testcase classname="com.tuempresa.tests.LoginTest" name="testLoginFallido" time="8.255"/>
  <testcase classname="com.tuempresa.tests.LoginTest" name="testLoginFallidoMultiplesIntentos" time="6.094"/>
  <testcase classname="com.tuempresa.tests.RegistroTest" name="testRegistro" time="4.851"/>
  <testcase classname="com.tuempresa.tests.RegistroTest" name="testRegistro" time="4.931"/>
  <testcase classname="com.tuempresa.tests.RegistroTest" name="testRegistro" time="3.862"/>
  <testcase classname="com.tuempresa.tests.RegistroTest" name="testRegistro" time="4.51"/>
  <testcase classname="com.tuempresa.tests.RegistroTest" name="testRegistro" time="4.512"/>
  <testcase classname="com.tuempresa.tests.RegistroTest" name="testRegistro" time="14.463"/>
</testsuite> <!-- Ejecucion en Firefox -->
