<?xml version="1.0" encoding="UTF-8"?>
<!-- Generated by org.testng.reporters.JUnitXMLReporter -->
<testsuite ignored="0" hostname="LAPTOP-GVHSBO7Q" failures="0" tests="9" name="Ejecucion en Chrome" time="60.723" errors="0" timestamp="2025-08-02T16:17:42 CLT">
  <testcase classname="com.tuempresa.tests.LoginTest" name="testLoginExitoso" time="4.635"/>
  <testcase classname="com.tuempresa.tests.LoginTest" name="testLoginFallido" time="4.158"/>
  <testcase classname="com.tuempresa.tests.LoginTest" name="testLoginFallidoMultiplesIntentos" time="6.881"/>
  <testcase classname="com.tuempresa.tests.RegistroTest" name="testRegistro" time="3.738"/>
  <testcase classname="com.tuempresa.tests.RegistroTest" name="testRegistro" time="3.558"/>
  <testcase classname="com.tuempresa.tests.RegistroTest" name="testRegistro" time="3.905"/>
  <testcase classname="com.tuempresa.tests.RegistroTest" name="testRegistro" time="3.673"/>
  <testcase classname="com.tuempresa.tests.RegistroTest" name="testRegistro" time="4.392"/>
  <testcase classname="com.tuempresa.tests.RegistroTest" name="testRegistro" time="13.85"/>
</testsuite> <!-- Ejecucion en Chrome -->
