<?xml version="1.0" encoding="UTF-8"?>
<testsuite xmlns:xsi="http://www.w3.org/2001/XMLSchema-instance" xsi:noNamespaceSchemaLocation="https://maven.apache.org/surefire/maven-surefire-plugin/xsd/surefire-test-report-3.0.xsd" version="3.0" name="runner.TestRunner" time="14.543" tests="2" errors="0" skipped="0" failures="0">
  <properties>
[...]
</properties>
  <testcase name="Inicio de sesión válido" classname="Login" time="6.127">
    <system-out><![CDATA[
Scenario: Inicio de sesión válido                    # file:///C:/Users/mamor/OneDrive/Escritorio/modulo5/src/test/resources/features/Login.feature:4
----------------------------------------
[HOOK] Abriendo navegador...
[STEP] Navegando a la página de login...
  ✔ Given el usuario está en la página de login      # steps.StepsLogin.usuarioEnLogin()
[STEP] Ingresando credenciales: usuario=tomsmith, password=SuperSecretPassword!
  ✔ When ingresa "tomsmith" y "SuperSecretPassword!" # steps.StepsLogin.ingresarCredenciales(java.lang.String,java.lang.String)
[STEP] Verificando mensaje de éxito.
  ✔ Then se muestra un mensaje de éxito              # steps.StepsLogin.se_muestra_un_mensaje_de_exito()
[HOOK] Cerrando navegador...
----------------------------------------
]]></system-out>
    <system-err><![CDATA[ago 06, 2025 5:54:36 P. M. org.openqa.selenium.devtools.CdpVersionFinder findNearestMatch
WARNING: Unable to find CDP implementation matching 138
ago 06, 2025 5:54:36 P. M. org.openqa.selenium.chromium.ChromiumDriver lambda$new$5
WARNING: Unable to find version of CDP to use for 138.0.7204.184. You may need to include a dependency on a specific version of the CDP using something similar to `org.seleniumhq.selenium:selenium-devtools-v86:4.21.0` where the version ("v86") matches the version of the chromium-based browser you're using and the version number of the artifact is the same as Selenium's.
]]></system-err>
  </testcase>
  <testcase name="Inicio de sesión con credenciales inválidas" classname="Login" time="7.488">
    <system-out><![CDATA[
Scenario: Inicio de sesión con credenciales inválidas               # file:///C:/Users/mamor/OneDrive/Escritorio/modulo5/src/test/resources/features/Login.feature:9
----------------------------------------
[HOOK] Abriendo navegador...
[STEP] Navegando a la página de login...
  ✔ Given el usuario está en la página de login                     # steps.StepsLogin.usuarioEnLogin()
[STEP] Ingresando credenciales: usuario=usuario_erroneo, password=password_invalido
  ✔ When ingresa "usuario_erroneo" y "password_invalido"            # steps.StepsLogin.ingresarCredenciales(java.lang.String,java.lang.String)
[STEP] Validando mensaje de error: Your username is invalid!
  ✔ Then se muestra un mensaje de error "Your username is invalid!" # steps.StepsLogin.se_muestra_el_mensaje_de_error(java.lang.String)
[HOOK] Cerrando navegador...
----------------------------------------
]]></system-out>
    <system-err><![CDATA[ago 06, 2025 5:54:41 P. M. org.openqa.selenium.devtools.CdpVersionFinder findNearestMatch
WARNING: Unable to find CDP implementation matching 138
ago 06, 2025 5:54:41 P. M. org.openqa.selenium.chromium.ChromiumDriver lambda$new$5
WARNING: Unable to find version of CDP to use for 138.0.7204.184. You may need to include a dependency on a specific version of the CDP using something similar to `org.seleniumhq.selenium:selenium-devtools-v86:4.21.0` where the version ("v86") matches the version of the chromium-based browser you're using and the version number of the artifact is the same as Selenium's.
]]></system-err>
  </testcase>
</testsuite>